{"D:\\sedang rajin\\Magang\\BIGIO\\Code\\Backend-CSM-Inventory\\express\\server.js": {"path":"D:\\sedang rajin\\Magang\\BIGIO\\Code\\Backend-CSM-Inventory\\express\\server.js","statementMap":{"0":{"start":{"line":1,"column":16},"end":{"line":1,"column":34}},"1":{"start":{"line":2,"column":12},"end":{"line":2,"column":21}},"2":{"start":{"line":3,"column":0},"end":{"line":3,"column":27}},"3":{"start":{"line":4,"column":13},"end":{"line":4,"column":37}},"4":{"start":{"line":5,"column":13},"end":{"line":5,"column":28}},"5":{"start":{"line":8,"column":24},"end":{"line":8,"column":59}},"6":{"start":{"line":9,"column":21},"end":{"line":9,"column":53}},"7":{"start":{"line":10,"column":24},"end":{"line":10,"column":59}},"8":{"start":{"line":11,"column":19},"end":{"line":11,"column":49}},"9":{"start":{"line":12,"column":20},"end":{"line":12,"column":51}},"10":{"start":{"line":13,"column":13},"end":{"line":13,"column":48}},"11":{"start":{"line":16,"column":0},"end":{"line":16,"column":15}},"12":{"start":{"line":17,"column":0},"end":{"line":17,"column":24}},"13":{"start":{"line":20,"column":0},"end":{"line":20,"column":14}},"14":{"start":{"line":21,"column":0},"end":{"line":21,"column":24}},"15":{"start":{"line":22,"column":0},"end":{"line":22,"column":20}},"16":{"start":{"line":23,"column":0},"end":{"line":23,"column":22}},"17":{"start":{"line":24,"column":0},"end":{"line":24,"column":20}},"18":{"start":{"line":25,"column":0},"end":{"line":25,"column":25}},"19":{"start":{"line":33,"column":0},"end":{"line":36,"column":1}},"20":{"start":{"line":34,"column":15},"end":{"line":34,"column":39}},"21":{"start":{"line":35,"column":2},"end":{"line":35,"column":67}},"22":{"start":{"line":35,"column":25},"end":{"line":35,"column":65}},"23":{"start":{"line":38,"column":0},"end":{"line":38,"column":21}}},"fnMap":{"0":{"name":"(anonymous_0)","decl":{"start":{"line":35,"column":19},"end":{"line":35,"column":20}},"loc":{"start":{"line":35,"column":25},"end":{"line":35,"column":65}},"line":35}},"branchMap":{"0":{"loc":{"start":{"line":33,"column":0},"end":{"line":36,"column":1}},"type":"if","locations":[{"start":{"line":33,"column":0},"end":{"line":36,"column":1}},{"start":{},"end":{}}],"line":33},"1":{"loc":{"start":{"line":34,"column":15},"end":{"line":34,"column":39}},"type":"binary-expr","locations":[{"start":{"line":34,"column":15},"end":{"line":34,"column":31}},{"start":{"line":34,"column":35},"end":{"line":34,"column":39}}],"line":34}},"s":{"0":2,"1":2,"2":2,"3":2,"4":2,"5":2,"6":2,"7":2,"8":2,"9":2,"10":2,"11":2,"12":2,"13":2,"14":2,"15":2,"16":2,"17":2,"18":2,"19":2,"20":0,"21":0,"22":0,"23":2},"f":{"0":0},"b":{"0":[0,2],"1":[0,0]},"_coverageSchema":"1a1c01bbd47fc00a2c39e90264f33305004495a9","hash":"695f18fc4841848ab7e8bce76f1534242475e721"}
,"D:\\sedang rajin\\Magang\\BIGIO\\Code\\Backend-CSM-Inventory\\express\\controller\\barangController": {"path":"D:\\sedang rajin\\Magang\\BIGIO\\Code\\Backend-CSM-Inventory\\express\\controller\\barangController","statementMap":{"0":{"start":{"line":1,"column":11},"end":{"line":1,"column":34}},"1":{"start":{"line":2,"column":15},"end":{"line":2,"column":73}},"2":{"start":{"line":3,"column":15},"end":{"line":3,"column":35}},"3":{"start":{"line":4,"column":48},"end":{"line":4,"column":89}},"4":{"start":{"line":7,"column":21},"end":{"line":22,"column":1}},"5":{"start":{"line":8,"column":21},"end":{"line":8,"column":38}},"6":{"start":{"line":9,"column":4},"end":{"line":9,"column":25}},"7":{"start":{"line":10,"column":4},"end":{"line":21,"column":5}},"8":{"start":{"line":11,"column":23},"end":{"line":17,"column":10}},"9":{"start":{"line":18,"column":8},"end":{"line":18,"column":37}},"10":{"start":{"line":20,"column":8},"end":{"line":20,"column":64}},"11":{"start":{"line":25,"column":21},"end":{"line":32,"column":1}},"12":{"start":{"line":26,"column":4},"end":{"line":31,"column":5}},"13":{"start":{"line":27,"column":23},"end":{"line":27,"column":45}},"14":{"start":{"line":28,"column":8},"end":{"line":28,"column":37}},"15":{"start":{"line":30,"column":8},"end":{"line":30,"column":73}},"16":{"start":{"line":35,"column":22},"end":{"line":47,"column":1}},"17":{"start":{"line":36,"column":19},"end":{"line":36,"column":29}},"18":{"start":{"line":37,"column":4},"end":{"line":46,"column":5}},"19":{"start":{"line":38,"column":23},"end":{"line":38,"column":48}},"20":{"start":{"line":39,"column":8},"end":{"line":43,"column":9}},"21":{"start":{"line":40,"column":12},"end":{"line":40,"column":41}},"22":{"start":{"line":42,"column":12},"end":{"line":42,"column":70}},"23":{"start":{"line":45,"column":8},"end":{"line":45,"column":73}},"24":{"start":{"line":50,"column":21},"end":{"line":63,"column":1}},"25":{"start":{"line":51,"column":28},"end":{"line":51,"column":85}},"26":{"start":{"line":52,"column":4},"end":{"line":54,"column":5}},"27":{"start":{"line":53,"column":8},"end":{"line":53,"column":82}},"28":{"start":{"line":53,"column":68},"end":{"line":53,"column":77}},"29":{"start":{"line":56,"column":4},"end":{"line":62,"column":5}},"30":{"start":{"line":57,"column":23},"end":{"line":57,"column":48}},"31":{"start":{"line":58,"column":8},"end":{"line":58,"column":85}},"32":{"start":{"line":60,"column":8},"end":{"line":60,"column":27}},"33":{"start":{"line":61,"column":8},"end":{"line":61,"column":73}},"34":{"start":{"line":67,"column":21},"end":{"line":81,"column":1}},"35":{"start":{"line":68,"column":25},"end":{"line":68,"column":38}},"36":{"start":{"line":69,"column":54},"end":{"line":69,"column":62}},"37":{"start":{"line":70,"column":4},"end":{"line":80,"column":5}},"38":{"start":{"line":71,"column":23},"end":{"line":71,"column":58}},"39":{"start":{"line":72,"column":8},"end":{"line":77,"column":9}},"40":{"start":{"line":73,"column":12},"end":{"line":73,"column":75}},"41":{"start":{"line":74,"column":12},"end":{"line":74,"column":41}},"42":{"start":{"line":76,"column":12},"end":{"line":76,"column":70}},"43":{"start":{"line":79,"column":8},"end":{"line":79,"column":72}},"44":{"start":{"line":84,"column":21},"end":{"line":97,"column":1}},"45":{"start":{"line":85,"column":19},"end":{"line":85,"column":29}},"46":{"start":{"line":86,"column":4},"end":{"line":96,"column":5}},"47":{"start":{"line":87,"column":23},"end":{"line":87,"column":48}},"48":{"start":{"line":88,"column":8},"end":{"line":93,"column":9}},"49":{"start":{"line":89,"column":12},"end":{"line":89,"column":35}},"50":{"start":{"line":90,"column":12},"end":{"line":90,"column":73}},"51":{"start":{"line":92,"column":12},"end":{"line":92,"column":70}},"52":{"start":{"line":95,"column":8},"end":{"line":95,"column":71}},"53":{"start":{"line":99,"column":0},"end":{"line":106,"column":2}}},"fnMap":{"0":{"name":"(anonymous_0)","decl":{"start":{"line":7,"column":21},"end":{"line":7,"column":22}},"loc":{"start":{"line":7,"column":41},"end":{"line":22,"column":1}},"line":7},"1":{"name":"(anonymous_1)","decl":{"start":{"line":25,"column":21},"end":{"line":25,"column":22}},"loc":{"start":{"line":25,"column":41},"end":{"line":32,"column":1}},"line":25},"2":{"name":"(anonymous_2)","decl":{"start":{"line":35,"column":22},"end":{"line":35,"column":23}},"loc":{"start":{"line":35,"column":42},"end":{"line":47,"column":1}},"line":35},"3":{"name":"(anonymous_3)","decl":{"start":{"line":50,"column":21},"end":{"line":50,"column":22}},"loc":{"start":{"line":50,"column":41},"end":{"line":63,"column":1}},"line":50},"4":{"name":"(anonymous_4)","decl":{"start":{"line":53,"column":63},"end":{"line":53,"column":64}},"loc":{"start":{"line":53,"column":68},"end":{"line":53,"column":77}},"line":53},"5":{"name":"(anonymous_5)","decl":{"start":{"line":67,"column":21},"end":{"line":67,"column":22}},"loc":{"start":{"line":67,"column":41},"end":{"line":81,"column":1}},"line":67},"6":{"name":"(anonymous_6)","decl":{"start":{"line":84,"column":21},"end":{"line":84,"column":22}},"loc":{"start":{"line":84,"column":41},"end":{"line":97,"column":1}},"line":84}},"branchMap":{"0":{"loc":{"start":{"line":39,"column":8},"end":{"line":43,"column":9}},"type":"if","locations":[{"start":{"line":39,"column":8},"end":{"line":43,"column":9}},{"start":{"line":41,"column":15},"end":{"line":43,"column":9}}],"line":39},"1":{"loc":{"start":{"line":52,"column":4},"end":{"line":54,"column":5}},"type":"if","locations":[{"start":{"line":52,"column":4},"end":{"line":54,"column":5}},{"start":{},"end":{}}],"line":52},"2":{"loc":{"start":{"line":72,"column":8},"end":{"line":77,"column":9}},"type":"if","locations":[{"start":{"line":72,"column":8},"end":{"line":77,"column":9}},{"start":{"line":75,"column":15},"end":{"line":77,"column":9}}],"line":72},"3":{"loc":{"start":{"line":88,"column":8},"end":{"line":93,"column":9}},"type":"if","locations":[{"start":{"line":88,"column":8},"end":{"line":93,"column":9}},{"start":{"line":91,"column":15},"end":{"line":93,"column":9}}],"line":88}},"s":{"0":2,"1":2,"2":2,"3":2,"4":2,"5":0,"6":0,"7":0,"8":0,"9":0,"10":0,"11":2,"12":1,"13":1,"14":1,"15":0,"16":2,"17":2,"18":2,"19":2,"20":2,"21":2,"22":0,"23":0,"24":2,"25":1,"26":1,"27":0,"28":0,"29":1,"30":1,"31":0,"32":1,"33":1,"34":2,"35":1,"36":1,"37":1,"38":1,"39":1,"40":1,"41":1,"42":0,"43":0,"44":2,"45":1,"46":1,"47":1,"48":1,"49":1,"50":1,"51":0,"52":0,"53":2},"f":{"0":0,"1":1,"2":2,"3":1,"4":0,"5":1,"6":1},"b":{"0":[2,0],"1":[0,1],"2":[1,0],"3":[1,0]},"inputSourceMap":null,"_coverageSchema":"1a1c01bbd47fc00a2c39e90264f33305004495a9","hash":"37fc0692b81910efe290edcefff1b88b55a78836"}
,"D:\\sedang rajin\\Magang\\BIGIO\\Code\\Backend-CSM-Inventory\\express\\controller\\chartController": {"path":"D:\\sedang rajin\\Magang\\BIGIO\\Code\\Backend-CSM-Inventory\\express\\controller\\chartController","statementMap":{"0":{"start":{"line":1,"column":10},"end":{"line":1,"column":28}},"1":{"start":{"line":2,"column":41},"end":{"line":2,"column":64}},"2":{"start":{"line":3,"column":15},"end":{"line":3,"column":35}},"3":{"start":{"line":5,"column":16},"end":{"line":56,"column":1}},"4":{"start":{"line":7,"column":18},"end":{"line":7,"column":28}},"5":{"start":{"line":9,"column":23},"end":{"line":9,"column":38}},"6":{"start":{"line":10,"column":4},"end":{"line":10,"column":36}},"7":{"start":{"line":12,"column":21},"end":{"line":12,"column":36}},"8":{"start":{"line":13,"column":4},"end":{"line":13,"column":39}},"9":{"start":{"line":16,"column":22},"end":{"line":16,"column":24}},"10":{"start":{"line":19,"column":4},"end":{"line":53,"column":5}},"11":{"start":{"line":19,"column":20},"end":{"line":19,"column":21}},"12":{"start":{"line":21,"column":32},"end":{"line":21,"column":47}},"13":{"start":{"line":22,"column":8},"end":{"line":22,"column":48}},"14":{"start":{"line":23,"column":30},"end":{"line":23,"column":45}},"15":{"start":{"line":24,"column":8},"end":{"line":24,"column":50}},"16":{"start":{"line":27,"column":23},"end":{"line":43,"column":10}},"17":{"start":{"line":46,"column":8},"end":{"line":52,"column":9}},"18":{"start":{"line":47,"column":12},"end":{"line":51,"column":15}},"19":{"start":{"line":55,"column":4},"end":{"line":55,"column":21}},"20":{"start":{"line":58,"column":30},"end":{"line":83,"column":1}},"21":{"start":{"line":59,"column":18},"end":{"line":59,"column":28}},"22":{"start":{"line":60,"column":24},"end":{"line":60,"column":105}},"23":{"start":{"line":61,"column":4},"end":{"line":61,"column":37}},"24":{"start":{"line":62,"column":22},"end":{"line":62,"column":43}},"25":{"start":{"line":63,"column":4},"end":{"line":63,"column":49}},"26":{"start":{"line":64,"column":4},"end":{"line":64,"column":40}},"27":{"start":{"line":66,"column":19},"end":{"line":80,"column":6}},"28":{"start":{"line":82,"column":4},"end":{"line":82,"column":18}},"29":{"start":{"line":87,"column":0},"end":{"line":87,"column":52}}},"fnMap":{"0":{"name":"(anonymous_0)","decl":{"start":{"line":5,"column":16},"end":{"line":5,"column":17}},"loc":{"start":{"line":5,"column":28},"end":{"line":56,"column":1}},"line":5},"1":{"name":"(anonymous_1)","decl":{"start":{"line":58,"column":30},"end":{"line":58,"column":31}},"loc":{"start":{"line":58,"column":42},"end":{"line":83,"column":1}},"line":58}},"branchMap":{"0":{"loc":{"start":{"line":46,"column":8},"end":{"line":52,"column":9}},"type":"if","locations":[{"start":{"line":46,"column":8},"end":{"line":52,"column":9}},{"start":{},"end":{}}],"line":46},"1":{"loc":{"start":{"line":49,"column":31},"end":{"line":49,"column":60}},"type":"binary-expr","locations":[{"start":{"line":49,"column":31},"end":{"line":49,"column":55}},{"start":{"line":49,"column":59},"end":{"line":49,"column":60}}],"line":49},"2":{"loc":{"start":{"line":50,"column":30},"end":{"line":50,"column":58}},"type":"binary-expr","locations":[{"start":{"line":50,"column":30},"end":{"line":50,"column":53}},{"start":{"line":50,"column":57},"end":{"line":50,"column":58}}],"line":50}},"s":{"0":2,"1":2,"2":2,"3":2,"4":0,"5":0,"6":0,"7":0,"8":0,"9":0,"10":0,"11":0,"12":0,"13":0,"14":0,"15":0,"16":0,"17":0,"18":0,"19":0,"20":2,"21":0,"22":0,"23":0,"24":0,"25":0,"26":0,"27":0,"28":0,"29":2},"f":{"0":0,"1":0},"b":{"0":[0,0],"1":[0,0],"2":[0,0]},"inputSourceMap":null,"_coverageSchema":"1a1c01bbd47fc00a2c39e90264f33305004495a9","hash":"d31f7eebcb1962d10c20a590342c076f281110d4"}
,"D:\\sedang rajin\\Magang\\BIGIO\\Code\\Backend-CSM-Inventory\\express\\controller\\dashboardController": {"path":"D:\\sedang rajin\\Magang\\BIGIO\\Code\\Backend-CSM-Inventory\\express\\controller\\dashboardController","statementMap":{"0":{"start":{"line":1,"column":41},"end":{"line":1,"column":64}},"1":{"start":{"line":2,"column":15},"end":{"line":2,"column":35}},"2":{"start":{"line":4,"column":28},"end":{"line":53,"column":1}},"3":{"start":{"line":5,"column":4},"end":{"line":52,"column":5}},"4":{"start":{"line":6,"column":28},"end":{"line":6,"column":48}},"5":{"start":{"line":7,"column":31},"end":{"line":7,"column":54}},"6":{"start":{"line":8,"column":26},"end":{"line":8,"column":50}},"7":{"start":{"line":10,"column":22},"end":{"line":10,"column":32}},"8":{"start":{"line":11,"column":27},"end":{"line":11,"column":91}},"9":{"start":{"line":12,"column":25},"end":{"line":12,"column":93}},"10":{"start":{"line":14,"column":31},"end":{"line":20,"column":10}},"11":{"start":{"line":22,"column":28},"end":{"line":28,"column":10}},"12":{"start":{"line":30,"column":31},"end":{"line":36,"column":10}},"13":{"start":{"line":38,"column":25},"end":{"line":45,"column":9}},"14":{"start":{"line":47,"column":8},"end":{"line":47,"column":46}},"15":{"start":{"line":50,"column":8},"end":{"line":50,"column":27}},"16":{"start":{"line":51,"column":8},"end":{"line":51,"column":98}},"17":{"start":{"line":55,"column":0},"end":{"line":55,"column":41}}},"fnMap":{"0":{"name":"(anonymous_0)","decl":{"start":{"line":4,"column":28},"end":{"line":4,"column":29}},"loc":{"start":{"line":4,"column":48},"end":{"line":53,"column":1}},"line":4}},"branchMap":{},"s":{"0":2,"1":2,"2":2,"3":0,"4":0,"5":0,"6":0,"7":0,"8":0,"9":0,"10":0,"11":0,"12":0,"13":0,"14":0,"15":0,"16":0,"17":2},"f":{"0":0},"b":{},"inputSourceMap":null,"_coverageSchema":"1a1c01bbd47fc00a2c39e90264f33305004495a9","hash":"677afe6b5f483fe5cf39af2a75cfa8af5147f231"}
,"D:\\sedang rajin\\Magang\\BIGIO\\Code\\Backend-CSM-Inventory\\express\\controller\\transStokController": {"path":"D:\\sedang rajin\\Magang\\BIGIO\\Code\\Backend-CSM-Inventory\\express\\controller\\transStokController","statementMap":{"0":{"start":{"line":1,"column":41},"end":{"line":1,"column":64}},"1":{"start":{"line":2,"column":15},"end":{"line":2,"column":35}},"2":{"start":{"line":5,"column":24},"end":{"line":19,"column":1}},"3":{"start":{"line":6,"column":24},"end":{"line":6,"column":33}},"4":{"start":{"line":7,"column":4},"end":{"line":18,"column":5}},"5":{"start":{"line":8,"column":26},"end":{"line":14,"column":10}},"6":{"start":{"line":15,"column":8},"end":{"line":15,"column":40}},"7":{"start":{"line":17,"column":8},"end":{"line":17,"column":72}},"8":{"start":{"line":22,"column":24},"end":{"line":29,"column":1}},"9":{"start":{"line":23,"column":4},"end":{"line":28,"column":5}},"10":{"start":{"line":24,"column":26},"end":{"line":24,"column":51}},"11":{"start":{"line":25,"column":8},"end":{"line":25,"column":40}},"12":{"start":{"line":27,"column":8},"end":{"line":27,"column":81}},"13":{"start":{"line":32,"column":25},"end":{"line":44,"column":1}},"14":{"start":{"line":33,"column":19},"end":{"line":33,"column":29}},"15":{"start":{"line":34,"column":4},"end":{"line":43,"column":5}},"16":{"start":{"line":35,"column":26},"end":{"line":35,"column":54}},"17":{"start":{"line":36,"column":8},"end":{"line":40,"column":9}},"18":{"start":{"line":37,"column":12},"end":{"line":37,"column":44}},"19":{"start":{"line":39,"column":12},"end":{"line":39,"column":78}},"20":{"start":{"line":42,"column":8},"end":{"line":42,"column":81}},"21":{"start":{"line":47,"column":24},"end":{"line":92,"column":1}},"22":{"start":{"line":48,"column":49},"end":{"line":48,"column":57}},"23":{"start":{"line":50,"column":4},"end":{"line":91,"column":5}},"24":{"start":{"line":52,"column":23},"end":{"line":52,"column":57}},"25":{"start":{"line":53,"column":8},"end":{"line":55,"column":9}},"26":{"start":{"line":54,"column":12},"end":{"line":54,"column":77}},"27":{"start":{"line":60,"column":8},"end":{"line":62,"column":9}},"28":{"start":{"line":61,"column":12},"end":{"line":61,"column":94}},"29":{"start":{"line":64,"column":8},"end":{"line":75,"column":9}},"30":{"start":{"line":65,"column":12},"end":{"line":65,"column":46}},"31":{"start":{"line":67,"column":15},"end":{"line":75,"column":9}},"32":{"start":{"line":68,"column":12},"end":{"line":68,"column":46}},"33":{"start":{"line":69,"column":12},"end":{"line":72,"column":13}},"34":{"start":{"line":71,"column":16},"end":{"line":71,"column":98}},"35":{"start":{"line":74,"column":12},"end":{"line":74,"column":82}},"36":{"start":{"line":78,"column":26},"end":{"line":82,"column":11}},"37":{"start":{"line":85,"column":8},"end":{"line":85,"column":50}},"38":{"start":{"line":87,"column":8},"end":{"line":87,"column":94}},"39":{"start":{"line":89,"column":8},"end":{"line":89,"column":27}},"40":{"start":{"line":90,"column":8},"end":{"line":90,"column":81}},"41":{"start":{"line":95,"column":24},"end":{"line":109,"column":1}},"42":{"start":{"line":96,"column":27},"end":{"line":96,"column":40}},"43":{"start":{"line":97,"column":42},"end":{"line":97,"column":50}},"44":{"start":{"line":98,"column":4},"end":{"line":108,"column":5}},"45":{"start":{"line":99,"column":26},"end":{"line":99,"column":66}},"46":{"start":{"line":100,"column":8},"end":{"line":105,"column":9}},"47":{"start":{"line":101,"column":12},"end":{"line":101,"column":66}},"48":{"start":{"line":102,"column":12},"end":{"line":102,"column":44}},"49":{"start":{"line":104,"column":12},"end":{"line":104,"column":78}},"50":{"start":{"line":107,"column":8},"end":{"line":107,"column":80}},"51":{"start":{"line":112,"column":24},"end":{"line":125,"column":1}},"52":{"start":{"line":113,"column":19},"end":{"line":113,"column":29}},"53":{"start":{"line":114,"column":4},"end":{"line":124,"column":5}},"54":{"start":{"line":115,"column":26},"end":{"line":115,"column":54}},"55":{"start":{"line":116,"column":8},"end":{"line":121,"column":9}},"56":{"start":{"line":117,"column":12},"end":{"line":117,"column":38}},"57":{"start":{"line":118,"column":12},"end":{"line":118,"column":81}},"58":{"start":{"line":120,"column":12},"end":{"line":120,"column":78}},"59":{"start":{"line":123,"column":8},"end":{"line":123,"column":79}},"60":{"start":{"line":128,"column":22},"end":{"line":168,"column":1}},"61":{"start":{"line":129,"column":19},"end":{"line":129,"column":29}},"62":{"start":{"line":131,"column":4},"end":{"line":167,"column":5}},"63":{"start":{"line":132,"column":26},"end":{"line":132,"column":54}},"64":{"start":{"line":133,"column":8},"end":{"line":137,"column":9}},"65":{"start":{"line":134,"column":12},"end":{"line":134,"column":78}},"66":{"start":{"line":136,"column":12},"end":{"line":136,"column":48}},"67":{"start":{"line":140,"column":23},"end":{"line":140,"column":57}},"68":{"start":{"line":141,"column":8},"end":{"line":143,"column":9}},"69":{"start":{"line":142,"column":12},"end":{"line":142,"column":77}},"70":{"start":{"line":146,"column":32},"end":{"line":151,"column":10}},"71":{"start":{"line":153,"column":8},"end":{"line":155,"column":9}},"72":{"start":{"line":154,"column":12},"end":{"line":154,"column":96}},"73":{"start":{"line":158,"column":8},"end":{"line":158,"column":40}},"74":{"start":{"line":161,"column":8},"end":{"line":161,"column":65}},"75":{"start":{"line":163,"column":8},"end":{"line":163,"column":84}},"76":{"start":{"line":165,"column":8},"end":{"line":165,"column":27}},"77":{"start":{"line":166,"column":8},"end":{"line":166,"column":79}},"78":{"start":{"line":170,"column":0},"end":{"line":177,"column":2}}},"fnMap":{"0":{"name":"(anonymous_0)","decl":{"start":{"line":5,"column":24},"end":{"line":5,"column":25}},"loc":{"start":{"line":5,"column":44},"end":{"line":19,"column":1}},"line":5},"1":{"name":"(anonymous_1)","decl":{"start":{"line":22,"column":24},"end":{"line":22,"column":25}},"loc":{"start":{"line":22,"column":44},"end":{"line":29,"column":1}},"line":22},"2":{"name":"(anonymous_2)","decl":{"start":{"line":32,"column":25},"end":{"line":32,"column":26}},"loc":{"start":{"line":32,"column":45},"end":{"line":44,"column":1}},"line":32},"3":{"name":"(anonymous_3)","decl":{"start":{"line":47,"column":24},"end":{"line":47,"column":25}},"loc":{"start":{"line":47,"column":44},"end":{"line":92,"column":1}},"line":47},"4":{"name":"(anonymous_4)","decl":{"start":{"line":95,"column":24},"end":{"line":95,"column":25}},"loc":{"start":{"line":95,"column":44},"end":{"line":109,"column":1}},"line":95},"5":{"name":"(anonymous_5)","decl":{"start":{"line":112,"column":24},"end":{"line":112,"column":25}},"loc":{"start":{"line":112,"column":44},"end":{"line":125,"column":1}},"line":112},"6":{"name":"(anonymous_6)","decl":{"start":{"line":128,"column":22},"end":{"line":128,"column":23}},"loc":{"start":{"line":128,"column":42},"end":{"line":168,"column":1}},"line":128}},"branchMap":{"0":{"loc":{"start":{"line":36,"column":8},"end":{"line":40,"column":9}},"type":"if","locations":[{"start":{"line":36,"column":8},"end":{"line":40,"column":9}},{"start":{"line":38,"column":15},"end":{"line":40,"column":9}}],"line":36},"1":{"loc":{"start":{"line":53,"column":8},"end":{"line":55,"column":9}},"type":"if","locations":[{"start":{"line":53,"column":8},"end":{"line":55,"column":9}},{"start":{},"end":{}}],"line":53},"2":{"loc":{"start":{"line":60,"column":8},"end":{"line":62,"column":9}},"type":"if","locations":[{"start":{"line":60,"column":8},"end":{"line":62,"column":9}},{"start":{},"end":{}}],"line":60},"3":{"loc":{"start":{"line":60,"column":12},"end":{"line":60,"column":60}},"type":"binary-expr","locations":[{"start":{"line":60,"column":12},"end":{"line":60,"column":36}},{"start":{"line":60,"column":40},"end":{"line":60,"column":60}}],"line":60},"4":{"loc":{"start":{"line":64,"column":8},"end":{"line":75,"column":9}},"type":"if","locations":[{"start":{"line":64,"column":8},"end":{"line":75,"column":9}},{"start":{"line":67,"column":15},"end":{"line":75,"column":9}}],"line":64},"5":{"loc":{"start":{"line":67,"column":15},"end":{"line":75,"column":9}},"type":"if","locations":[{"start":{"line":67,"column":15},"end":{"line":75,"column":9}},{"start":{"line":73,"column":15},"end":{"line":75,"column":9}}],"line":67},"6":{"loc":{"start":{"line":69,"column":12},"end":{"line":72,"column":13}},"type":"if","locations":[{"start":{"line":69,"column":12},"end":{"line":72,"column":13}},{"start":{},"end":{}}],"line":69},"7":{"loc":{"start":{"line":100,"column":8},"end":{"line":105,"column":9}},"type":"if","locations":[{"start":{"line":100,"column":8},"end":{"line":105,"column":9}},{"start":{"line":103,"column":15},"end":{"line":105,"column":9}}],"line":100},"8":{"loc":{"start":{"line":116,"column":8},"end":{"line":121,"column":9}},"type":"if","locations":[{"start":{"line":116,"column":8},"end":{"line":121,"column":9}},{"start":{"line":119,"column":15},"end":{"line":121,"column":9}}],"line":116},"9":{"loc":{"start":{"line":133,"column":8},"end":{"line":137,"column":9}},"type":"if","locations":[{"start":{"line":133,"column":8},"end":{"line":137,"column":9}},{"start":{"line":135,"column":14},"end":{"line":137,"column":9}}],"line":133},"10":{"loc":{"start":{"line":141,"column":8},"end":{"line":143,"column":9}},"type":"if","locations":[{"start":{"line":141,"column":8},"end":{"line":143,"column":9}},{"start":{},"end":{}}],"line":141},"11":{"loc":{"start":{"line":153,"column":8},"end":{"line":155,"column":9}},"type":"if","locations":[{"start":{"line":153,"column":8},"end":{"line":155,"column":9}},{"start":{},"end":{}}],"line":153}},"s":{"0":2,"1":2,"2":2,"3":0,"4":0,"5":0,"6":0,"7":0,"8":2,"9":0,"10":0,"11":0,"12":0,"13":2,"14":0,"15":0,"16":0,"17":0,"18":0,"19":0,"20":0,"21":2,"22":0,"23":0,"24":0,"25":0,"26":0,"27":0,"28":0,"29":0,"30":0,"31":0,"32":0,"33":0,"34":0,"35":0,"36":0,"37":0,"38":0,"39":0,"40":0,"41":2,"42":0,"43":0,"44":0,"45":0,"46":0,"47":0,"48":0,"49":0,"50":0,"51":2,"52":0,"53":0,"54":0,"55":0,"56":0,"57":0,"58":0,"59":0,"60":2,"61":0,"62":0,"63":0,"64":0,"65":0,"66":0,"67":0,"68":0,"69":0,"70":0,"71":0,"72":0,"73":0,"74":0,"75":0,"76":0,"77":0,"78":2},"f":{"0":0,"1":0,"2":0,"3":0,"4":0,"5":0,"6":0},"b":{"0":[0,0],"1":[0,0],"2":[0,0],"3":[0,0],"4":[0,0],"5":[0,0],"6":[0,0],"7":[0,0],"8":[0,0],"9":[0,0],"10":[0,0],"11":[0,0]},"inputSourceMap":null,"_coverageSchema":"1a1c01bbd47fc00a2c39e90264f33305004495a9","hash":"5caa2600aa33422f06c51f730fbba4790a8bf8cc"}
,"D:\\sedang rajin\\Magang\\BIGIO\\Code\\Backend-CSM-Inventory\\express\\controller\\userController": {"path":"D:\\sedang rajin\\Magang\\BIGIO\\Code\\Backend-CSM-Inventory\\express\\controller\\userController","statementMap":{"0":{"start":{"line":1,"column":17},"end":{"line":1,"column":40}},"1":{"start":{"line":2,"column":15},"end":{"line":2,"column":35}},"2":{"start":{"line":3,"column":24},"end":{"line":3,"column":57}},"3":{"start":{"line":4,"column":13},"end":{"line":4,"column":40}},"4":{"start":{"line":7,"column":19},"end":{"line":23,"column":1}},"5":{"start":{"line":8,"column":20},"end":{"line":8,"column":37}},"6":{"start":{"line":9,"column":4},"end":{"line":9,"column":25}},"7":{"start":{"line":10,"column":4},"end":{"line":22,"column":5}},"8":{"start":{"line":11,"column":22},"end":{"line":18,"column":10}},"9":{"start":{"line":19,"column":8},"end":{"line":19,"column":36}},"10":{"start":{"line":21,"column":8},"end":{"line":21,"column":62}},"11":{"start":{"line":26,"column":20},"end":{"line":33,"column":1}},"12":{"start":{"line":27,"column":4},"end":{"line":32,"column":5}},"13":{"start":{"line":28,"column":22},"end":{"line":28,"column":42}},"14":{"start":{"line":29,"column":8},"end":{"line":29,"column":36}},"15":{"start":{"line":31,"column":8},"end":{"line":31,"column":71}},"16":{"start":{"line":36,"column":20},"end":{"line":48,"column":1}},"17":{"start":{"line":37,"column":19},"end":{"line":37,"column":29}},"18":{"start":{"line":38,"column":4},"end":{"line":47,"column":5}},"19":{"start":{"line":39,"column":21},"end":{"line":39,"column":44}},"20":{"start":{"line":40,"column":8},"end":{"line":44,"column":9}},"21":{"start":{"line":41,"column":12},"end":{"line":41,"column":39}},"22":{"start":{"line":43,"column":12},"end":{"line":43,"column":68}},"23":{"start":{"line":46,"column":8},"end":{"line":46,"column":71}},"24":{"start":{"line":51,"column":19},"end":{"line":74,"column":1}},"25":{"start":{"line":52,"column":20},"end":{"line":52,"column":32}},"26":{"start":{"line":53,"column":17},"end":{"line":53,"column":25}},"27":{"start":{"line":54,"column":21},"end":{"line":54,"column":40}},"28":{"start":{"line":55,"column":17},"end":{"line":55,"column":23}},"29":{"start":{"line":57,"column":4},"end":{"line":73,"column":3}},"30":{"start":{"line":57,"column":10},"end":{"line":62,"column":9}},"31":{"start":{"line":63,"column":4},"end":{"line":63,"column":80}},"32":{"start":{"line":66,"column":8},"end":{"line":66,"column":28}},"33":{"start":{"line":67,"column":4},"end":{"line":72,"column":73}},"34":{"start":{"line":68,"column":6},"end":{"line":70,"column":64}},"35":{"start":{"line":71,"column":9},"end":{"line":72,"column":73}},"36":{"start":{"line":72,"column":6},"end":{"line":72,"column":73}},"37":{"start":{"line":77,"column":19},"end":{"line":91,"column":1}},"38":{"start":{"line":78,"column":19},"end":{"line":78,"column":29}},"39":{"start":{"line":79,"column":76},"end":{"line":79,"column":84}},"40":{"start":{"line":80,"column":4},"end":{"line":90,"column":5}},"41":{"start":{"line":81,"column":21},"end":{"line":81,"column":44}},"42":{"start":{"line":82,"column":8},"end":{"line":87,"column":9}},"43":{"start":{"line":83,"column":12},"end":{"line":83,"column":95}},"44":{"start":{"line":84,"column":12},"end":{"line":84,"column":39}},"45":{"start":{"line":86,"column":12},"end":{"line":86,"column":68}},"46":{"start":{"line":89,"column":8},"end":{"line":89,"column":70}},"47":{"start":{"line":94,"column":19},"end":{"line":107,"column":1}},"48":{"start":{"line":95,"column":19},"end":{"line":95,"column":29}},"49":{"start":{"line":96,"column":4},"end":{"line":106,"column":5}},"50":{"start":{"line":97,"column":21},"end":{"line":97,"column":44}},"51":{"start":{"line":98,"column":8},"end":{"line":103,"column":9}},"52":{"start":{"line":99,"column":12},"end":{"line":99,"column":33}},"53":{"start":{"line":100,"column":12},"end":{"line":100,"column":71}},"54":{"start":{"line":102,"column":12},"end":{"line":102,"column":68}},"55":{"start":{"line":105,"column":8},"end":{"line":105,"column":69}},"56":{"start":{"line":109,"column":0},"end":{"line":116,"column":2}}},"fnMap":{"0":{"name":"(anonymous_0)","decl":{"start":{"line":7,"column":19},"end":{"line":7,"column":20}},"loc":{"start":{"line":7,"column":39},"end":{"line":23,"column":1}},"line":7},"1":{"name":"(anonymous_1)","decl":{"start":{"line":26,"column":20},"end":{"line":26,"column":21}},"loc":{"start":{"line":26,"column":40},"end":{"line":33,"column":1}},"line":26},"2":{"name":"(anonymous_2)","decl":{"start":{"line":36,"column":20},"end":{"line":36,"column":21}},"loc":{"start":{"line":36,"column":40},"end":{"line":48,"column":1}},"line":36},"3":{"name":"(anonymous_3)","decl":{"start":{"line":51,"column":19},"end":{"line":51,"column":20}},"loc":{"start":{"line":51,"column":39},"end":{"line":74,"column":1}},"line":51},"4":{"name":"(anonymous_4)","decl":{"start":{"line":77,"column":19},"end":{"line":77,"column":20}},"loc":{"start":{"line":77,"column":39},"end":{"line":91,"column":1}},"line":77},"5":{"name":"(anonymous_5)","decl":{"start":{"line":94,"column":19},"end":{"line":94,"column":20}},"loc":{"start":{"line":94,"column":39},"end":{"line":107,"column":1}},"line":94}},"branchMap":{"0":{"loc":{"start":{"line":40,"column":8},"end":{"line":44,"column":9}},"type":"if","locations":[{"start":{"line":40,"column":8},"end":{"line":44,"column":9}},{"start":{"line":42,"column":15},"end":{"line":44,"column":9}}],"line":40},"1":{"loc":{"start":{"line":67,"column":4},"end":{"line":72,"column":73}},"type":"if","locations":[{"start":{"line":67,"column":4},"end":{"line":72,"column":73}},{"start":{"line":71,"column":9},"end":{"line":72,"column":73}}],"line":67},"2":{"loc":{"start":{"line":71,"column":9},"end":{"line":72,"column":73}},"type":"if","locations":[{"start":{"line":71,"column":9},"end":{"line":72,"column":73}},{"start":{},"end":{}}],"line":71},"3":{"loc":{"start":{"line":82,"column":8},"end":{"line":87,"column":9}},"type":"if","locations":[{"start":{"line":82,"column":8},"end":{"line":87,"column":9}},{"start":{"line":85,"column":15},"end":{"line":87,"column":9}}],"line":82},"4":{"loc":{"start":{"line":98,"column":8},"end":{"line":103,"column":9}},"type":"if","locations":[{"start":{"line":98,"column":8},"end":{"line":103,"column":9}},{"start":{"line":101,"column":15},"end":{"line":103,"column":9}}],"line":98}},"s":{"0":2,"1":2,"2":2,"3":2,"4":2,"5":0,"6":0,"7":0,"8":0,"9":0,"10":0,"11":2,"12":0,"13":0,"14":0,"15":0,"16":2,"17":0,"18":0,"19":0,"20":0,"21":0,"22":0,"23":0,"24":2,"25":0,"26":0,"27":0,"28":0,"29":0,"30":0,"31":0,"32":0,"33":0,"34":0,"35":0,"36":0,"37":2,"38":0,"39":0,"40":0,"41":0,"42":0,"43":0,"44":0,"45":0,"46":0,"47":2,"48":0,"49":0,"50":0,"51":0,"52":0,"53":0,"54":0,"55":0,"56":2},"f":{"0":0,"1":0,"2":0,"3":0,"4":0,"5":0},"b":{"0":[0,0],"1":[0,0],"2":[0,0],"3":[0,0],"4":[0,0]},"inputSourceMap":null,"_coverageSchema":"1a1c01bbd47fc00a2c39e90264f33305004495a9","hash":"cee91c4100e301e3db7148ab0e2d3adb074e2fad"}
,"D:\\sedang rajin\\Magang\\BIGIO\\Code\\Backend-CSM-Inventory\\express\\controller\\auth\\auth": {"path":"D:\\sedang rajin\\Magang\\BIGIO\\Code\\Backend-CSM-Inventory\\express\\controller\\auth\\auth","statementMap":{"0":{"start":{"line":1,"column":12},"end":{"line":1,"column":35}},"1":{"start":{"line":2,"column":11},"end":{"line":2,"column":37}},"2":{"start":{"line":3,"column":13},"end":{"line":3,"column":72}},"3":{"start":{"line":4,"column":0},"end":{"line":4,"column":27}},"4":{"start":{"line":5,"column":13},"end":{"line":5,"column":43}},"5":{"start":{"line":6,"column":23},"end":{"line":6,"column":63}},"6":{"start":{"line":7,"column":22},"end":{"line":7,"column":64}},"7":{"start":{"line":10,"column":0},"end":{"line":68,"column":2}},"8":{"start":{"line":12,"column":28},"end":{"line":12,"column":81}},"9":{"start":{"line":13,"column":4},"end":{"line":15,"column":5}},"10":{"start":{"line":14,"column":8},"end":{"line":14,"column":82}},"11":{"start":{"line":14,"column":68},"end":{"line":14,"column":77}},"12":{"start":{"line":17,"column":32},"end":{"line":17,"column":40}},"13":{"start":{"line":18,"column":23},"end":{"line":18,"column":37}},"14":{"start":{"line":19,"column":4},"end":{"line":34,"column":5}},"15":{"start":{"line":20,"column":19},"end":{"line":23,"column":8}},"16":{"start":{"line":25,"column":6},"end":{"line":29,"column":7}},"17":{"start":{"line":26,"column":8},"end":{"line":28,"column":63}},"18":{"start":{"line":30,"column":23},"end":{"line":30,"column":62}},"19":{"start":{"line":31,"column":6},"end":{"line":31,"column":68}},"20":{"start":{"line":33,"column":6},"end":{"line":33,"column":58}},"21":{"start":{"line":38,"column":18},"end":{"line":38,"column":43}},"22":{"start":{"line":40,"column":4},"end":{"line":43,"column":67}},"23":{"start":{"line":41,"column":6},"end":{"line":43,"column":67}},"24":{"start":{"line":45,"column":4},"end":{"line":52,"column":7}},"25":{"start":{"line":46,"column":6},"end":{"line":50,"column":7}},"26":{"start":{"line":47,"column":8},"end":{"line":47,"column":78}},"27":{"start":{"line":48,"column":8},"end":{"line":48,"column":45}},"28":{"start":{"line":49,"column":8},"end":{"line":49,"column":15}},"29":{"start":{"line":51,"column":6},"end":{"line":51,"column":26}},"30":{"start":{"line":51,"column":19},"end":{"line":51,"column":26}},"31":{"start":{"line":56,"column":6},"end":{"line":66,"column":7}},"32":{"start":{"line":57,"column":8},"end":{"line":57,"column":45}},"33":{"start":{"line":58,"column":22},"end":{"line":58,"column":47}},"34":{"start":{"line":59,"column":8},"end":{"line":59,"column":46}},"35":{"start":{"line":60,"column":8},"end":{"line":60,"column":41}},"36":{"start":{"line":61,"column":8},"end":{"line":61,"column":66}},"37":{"start":{"line":64,"column":10},"end":{"line":64,"column":33}},"38":{"start":{"line":65,"column":10},"end":{"line":65,"column":17}}},"fnMap":{"0":{"name":"(anonymous_0)","decl":{"start":{"line":11,"column":20},"end":{"line":11,"column":21}},"loc":{"start":{"line":11,"column":52},"end":{"line":35,"column":3}},"line":11},"1":{"name":"(anonymous_1)","decl":{"start":{"line":14,"column":63},"end":{"line":14,"column":64}},"loc":{"start":{"line":14,"column":68},"end":{"line":14,"column":77}},"line":14},"2":{"name":"(anonymous_2)","decl":{"start":{"line":37,"column":21},"end":{"line":37,"column":22}},"loc":{"start":{"line":37,"column":47},"end":{"line":53,"column":3}},"line":37},"3":{"name":"(anonymous_3)","decl":{"start":{"line":45,"column":44},"end":{"line":45,"column":45}},"loc":{"start":{"line":45,"column":64},"end":{"line":52,"column":5}},"line":45},"4":{"name":"(anonymous_4)","decl":{"start":{"line":55,"column":16},"end":{"line":55,"column":17}},"loc":{"start":{"line":55,"column":42},"end":{"line":67,"column":5}},"line":55}},"branchMap":{"0":{"loc":{"start":{"line":13,"column":4},"end":{"line":15,"column":5}},"type":"if","locations":[{"start":{"line":13,"column":4},"end":{"line":15,"column":5}},{"start":{},"end":{}}],"line":13},"1":{"loc":{"start":{"line":25,"column":6},"end":{"line":29,"column":7}},"type":"if","locations":[{"start":{"line":25,"column":6},"end":{"line":29,"column":7}},{"start":{},"end":{}}],"line":25},"2":{"loc":{"start":{"line":40,"column":4},"end":{"line":43,"column":67}},"type":"if","locations":[{"start":{"line":40,"column":4},"end":{"line":43,"column":67}},{"start":{},"end":{}}],"line":40},"3":{"loc":{"start":{"line":46,"column":6},"end":{"line":50,"column":7}},"type":"if","locations":[{"start":{"line":46,"column":6},"end":{"line":50,"column":7}},{"start":{},"end":{}}],"line":46},"4":{"loc":{"start":{"line":51,"column":6},"end":{"line":51,"column":26}},"type":"if","locations":[{"start":{"line":51,"column":6},"end":{"line":51,"column":26}},{"start":{},"end":{}}],"line":51}},"s":{"0":2,"1":2,"2":2,"3":2,"4":2,"5":2,"6":2,"7":2,"8":3,"9":3,"10":1,"11":1,"12":2,"13":2,"14":2,"15":2,"16":2,"17":1,"18":1,"19":1,"20":0,"21":0,"22":0,"23":0,"24":0,"25":0,"26":0,"27":0,"28":0,"29":0,"30":0,"31":7,"32":7,"33":7,"34":7,"35":0,"36":0,"37":7,"38":7},"f":{"0":3,"1":1,"2":0,"3":0,"4":7},"b":{"0":[1,2],"1":[1,1],"2":[0,0],"3":[0,0],"4":[0,0]},"inputSourceMap":null,"_coverageSchema":"1a1c01bbd47fc00a2c39e90264f33305004495a9","hash":"894adbbdd043e629f3b1e2b1ee0c71b480a09883"}
,"D:\\sedang rajin\\Magang\\BIGIO\\Code\\Backend-CSM-Inventory\\express\\controller\\auth\\registerController": {"path":"D:\\sedang rajin\\Magang\\BIGIO\\Code\\Backend-CSM-Inventory\\express\\controller\\auth\\registerController","statementMap":{"0":{"start":{"line":1,"column":13},"end":{"line":1,"column":43}},"1":{"start":{"line":2,"column":24},"end":{"line":2,"column":60}},"2":{"start":{"line":3,"column":11},"end":{"line":3,"column":37}},"3":{"start":{"line":4,"column":0},"end":{"line":4,"column":67}},"4":{"start":{"line":5,"column":23},"end":{"line":5,"column":63}},"5":{"start":{"line":6,"column":27},"end":{"line":6,"column":63}},"6":{"start":{"line":8,"column":0},"end":{"line":48,"column":2}},"7":{"start":{"line":9,"column":2},"end":{"line":47,"column":3}},"8":{"start":{"line":10,"column":34},"end":{"line":10,"column":90}},"9":{"start":{"line":11,"column":4},"end":{"line":13,"column":5}},"10":{"start":{"line":12,"column":8},"end":{"line":12,"column":82}},"11":{"start":{"line":12,"column":68},"end":{"line":12,"column":77}},"12":{"start":{"line":15,"column":4},"end":{"line":15,"column":22}},"13":{"start":{"line":17,"column":20},"end":{"line":17,"column":32}},"14":{"start":{"line":18,"column":4},"end":{"line":18,"column":32}},"15":{"start":{"line":20,"column":21},"end":{"line":20,"column":46}},"16":{"start":{"line":21,"column":17},"end":{"line":21,"column":23}},"17":{"start":{"line":23,"column":21},"end":{"line":23,"column":50}},"18":{"start":{"line":25,"column":4},"end":{"line":35,"column":5}},"19":{"start":{"line":25,"column":10},"end":{"line":30,"column":7}},"20":{"start":{"line":31,"column":4},"end":{"line":31,"column":35}},"21":{"start":{"line":33,"column":6},"end":{"line":33,"column":21}},"22":{"start":{"line":34,"column":6},"end":{"line":34,"column":14}},"23":{"start":{"line":38,"column":34},"end":{"line":38,"column":38}},"24":{"start":{"line":39,"column":4},"end":{"line":39,"column":55}},"25":{"start":{"line":42,"column":4},"end":{"line":42,"column":24}},"26":{"start":{"line":43,"column":4},"end":{"line":46,"column":73}},"27":{"start":{"line":44,"column":6},"end":{"line":44,"column":84}},"28":{"start":{"line":45,"column":9},"end":{"line":46,"column":73}},"29":{"start":{"line":46,"column":6},"end":{"line":46,"column":73}}},"fnMap":{"0":{"name":"(anonymous_0)","decl":{"start":{"line":8,"column":17},"end":{"line":8,"column":18}},"loc":{"start":{"line":8,"column":49},"end":{"line":48,"column":1}},"line":8},"1":{"name":"(anonymous_1)","decl":{"start":{"line":12,"column":63},"end":{"line":12,"column":64}},"loc":{"start":{"line":12,"column":68},"end":{"line":12,"column":77}},"line":12}},"branchMap":{"0":{"loc":{"start":{"line":11,"column":4},"end":{"line":13,"column":5}},"type":"if","locations":[{"start":{"line":11,"column":4},"end":{"line":13,"column":5}},{"start":{},"end":{}}],"line":11},"1":{"loc":{"start":{"line":43,"column":4},"end":{"line":46,"column":73}},"type":"if","locations":[{"start":{"line":43,"column":4},"end":{"line":46,"column":73}},{"start":{"line":45,"column":9},"end":{"line":46,"column":73}}],"line":43},"2":{"loc":{"start":{"line":45,"column":9},"end":{"line":46,"column":73}},"type":"if","locations":[{"start":{"line":45,"column":9},"end":{"line":46,"column":73}},{"start":{},"end":{}}],"line":45}},"s":{"0":2,"1":2,"2":2,"3":2,"4":2,"5":2,"6":2,"7":4,"8":4,"9":4,"10":1,"11":3,"12":3,"13":3,"14":3,"15":3,"16":3,"17":3,"18":3,"19":3,"20":1,"21":2,"22":2,"23":1,"24":1,"25":2,"26":2,"27":0,"28":2,"29":2},"f":{"0":4,"1":3},"b":{"0":[1,3],"1":[0,2],"2":[2,0]},"inputSourceMap":null,"_coverageSchema":"1a1c01bbd47fc00a2c39e90264f33305004495a9","hash":"67592cd3d265328b9ec5134fe3adbaf8ce471aa4"}
,"D:\\sedang rajin\\Magang\\BIGIO\\Code\\Backend-CSM-Inventory\\express\\routes\\barangRouter": {"path":"D:\\sedang rajin\\Magang\\BIGIO\\Code\\Backend-CSM-Inventory\\express\\routes\\barangRouter","statementMap":{"0":{"start":{"line":1,"column":16},"end":{"line":1,"column":34}},"1":{"start":{"line":2,"column":15},"end":{"line":2,"column":56}},"2":{"start":{"line":4,"column":21},"end":{"line":4,"column":37}},"3":{"start":{"line":7,"column":0},"end":{"line":7,"column":49}},"4":{"start":{"line":9,"column":0},"end":{"line":9,"column":54}},"5":{"start":{"line":11,"column":0},"end":{"line":11,"column":56}},"6":{"start":{"line":13,"column":0},"end":{"line":13,"column":50}},"7":{"start":{"line":15,"column":0},"end":{"line":15,"column":53}},"8":{"start":{"line":17,"column":0},"end":{"line":17,"column":56}},"9":{"start":{"line":19,"column":0},"end":{"line":19,"column":30}}},"fnMap":{},"branchMap":{},"s":{"0":2,"1":2,"2":2,"3":2,"4":2,"5":2,"6":2,"7":2,"8":2,"9":2},"f":{},"b":{},"inputSourceMap":null,"_coverageSchema":"1a1c01bbd47fc00a2c39e90264f33305004495a9","hash":"345647415f52fce570610341eaa9373b987d9433"}
,"D:\\sedang rajin\\Magang\\BIGIO\\Code\\Backend-CSM-Inventory\\express\\routes\\chartRouter": {"path":"D:\\sedang rajin\\Magang\\BIGIO\\Code\\Backend-CSM-Inventory\\express\\routes\\chartRouter","statementMap":{"0":{"start":{"line":1,"column":16},"end":{"line":1,"column":34}},"1":{"start":{"line":2,"column":20},"end":{"line":2,"column":36}},"2":{"start":{"line":3,"column":14},"end":{"line":3,"column":54}},"3":{"start":{"line":5,"column":0},"end":{"line":13,"column":3}},"4":{"start":{"line":6,"column":4},"end":{"line":12,"column":5}},"5":{"start":{"line":7,"column":23},"end":{"line":7,"column":44}},"6":{"start":{"line":8,"column":8},"end":{"line":8,"column":25}},"7":{"start":{"line":10,"column":8},"end":{"line":10,"column":39}},"8":{"start":{"line":11,"column":8},"end":{"line":11,"column":60}},"9":{"start":{"line":15,"column":0},"end":{"line":23,"column":3}},"10":{"start":{"line":16,"column":4},"end":{"line":22,"column":5}},"11":{"start":{"line":17,"column":23},"end":{"line":17,"column":58}},"12":{"start":{"line":18,"column":8},"end":{"line":18,"column":25}},"13":{"start":{"line":20,"column":8},"end":{"line":20,"column":39}},"14":{"start":{"line":21,"column":8},"end":{"line":21,"column":60}},"15":{"start":{"line":25,"column":0},"end":{"line":25,"column":29}}},"fnMap":{"0":{"name":"(anonymous_0)","decl":{"start":{"line":5,"column":32},"end":{"line":5,"column":33}},"loc":{"start":{"line":5,"column":52},"end":{"line":13,"column":1}},"line":5},"1":{"name":"(anonymous_1)","decl":{"start":{"line":15,"column":33},"end":{"line":15,"column":34}},"loc":{"start":{"line":15,"column":53},"end":{"line":23,"column":1}},"line":15}},"branchMap":{},"s":{"0":2,"1":2,"2":2,"3":2,"4":0,"5":0,"6":0,"7":0,"8":0,"9":2,"10":0,"11":0,"12":0,"13":0,"14":0,"15":2},"f":{"0":0,"1":0},"b":{},"inputSourceMap":null,"_coverageSchema":"1a1c01bbd47fc00a2c39e90264f33305004495a9","hash":"d00dd3123da4399f23b29c87531021efa5b6bbb4"}
,"D:\\sedang rajin\\Magang\\BIGIO\\Code\\Backend-CSM-Inventory\\express\\routes\\dashboardRouter": {"path":"D:\\sedang rajin\\Magang\\BIGIO\\Code\\Backend-CSM-Inventory\\express\\routes\\dashboardRouter","statementMap":{"0":{"start":{"line":1,"column":16},"end":{"line":1,"column":34}},"1":{"start":{"line":2,"column":18},"end":{"line":2,"column":62}},"2":{"start":{"line":4,"column":24},"end":{"line":4,"column":40}},"3":{"start":{"line":7,"column":0},"end":{"line":7,"column":65}},"4":{"start":{"line":9,"column":0},"end":{"line":9,"column":33}}},"fnMap":{},"branchMap":{},"s":{"0":2,"1":2,"2":2,"3":2,"4":2},"f":{},"b":{},"inputSourceMap":null,"_coverageSchema":"1a1c01bbd47fc00a2c39e90264f33305004495a9","hash":"3093e90cb11e314039f311c23f5617310a8c1b25"}
,"D:\\sedang rajin\\Magang\\BIGIO\\Code\\Backend-CSM-Inventory\\express\\routes\\transStokRouter": {"path":"D:\\sedang rajin\\Magang\\BIGIO\\Code\\Backend-CSM-Inventory\\express\\routes\\transStokRouter","statementMap":{"0":{"start":{"line":1,"column":16},"end":{"line":1,"column":34}},"1":{"start":{"line":2,"column":18},"end":{"line":2,"column":62}},"2":{"start":{"line":4,"column":24},"end":{"line":4,"column":40}},"3":{"start":{"line":7,"column":0},"end":{"line":7,"column":61}},"4":{"start":{"line":9,"column":0},"end":{"line":9,"column":66}},"5":{"start":{"line":11,"column":0},"end":{"line":11,"column":62}},"6":{"start":{"line":13,"column":0},"end":{"line":13,"column":65}},"7":{"start":{"line":15,"column":0},"end":{"line":15,"column":68}},"8":{"start":{"line":17,"column":0},"end":{"line":17,"column":71}},"9":{"start":{"line":19,"column":0},"end":{"line":19,"column":33}}},"fnMap":{},"branchMap":{},"s":{"0":2,"1":2,"2":2,"3":2,"4":2,"5":2,"6":2,"7":2,"8":2,"9":2},"f":{},"b":{},"inputSourceMap":null,"_coverageSchema":"1a1c01bbd47fc00a2c39e90264f33305004495a9","hash":"0802cf075788e79a3d0fb2a48a6302eb3e9043d4"}
,"D:\\sedang rajin\\Magang\\BIGIO\\Code\\Backend-CSM-Inventory\\express\\routes\\userRouter": {"path":"D:\\sedang rajin\\Magang\\BIGIO\\Code\\Backend-CSM-Inventory\\express\\routes\\userRouter","statementMap":{"0":{"start":{"line":1,"column":16},"end":{"line":1,"column":34}},"1":{"start":{"line":2,"column":15},"end":{"line":2,"column":31}},"2":{"start":{"line":3,"column":13},"end":{"line":3,"column":52}},"3":{"start":{"line":5,"column":0},"end":{"line":5,"column":38}},"4":{"start":{"line":6,"column":0},"end":{"line":6,"column":42}},"5":{"start":{"line":7,"column":0},"end":{"line":7,"column":38}},"6":{"start":{"line":8,"column":0},"end":{"line":8,"column":41}},"7":{"start":{"line":9,"column":0},"end":{"line":9,"column":44}},"8":{"start":{"line":11,"column":0},"end":{"line":11,"column":24}}},"fnMap":{},"branchMap":{},"s":{"0":2,"1":2,"2":2,"3":2,"4":2,"5":2,"6":2,"7":2,"8":2},"f":{},"b":{},"inputSourceMap":null,"_coverageSchema":"1a1c01bbd47fc00a2c39e90264f33305004495a9","hash":"d02c9081019fe9da2b633bf0b8a7d7b7b1751d78"}
,"D:\\sedang rajin\\Magang\\BIGIO\\Code\\Backend-CSM-Inventory\\express\\routes\\auth\\authRouter": {"path":"D:\\sedang rajin\\Magang\\BIGIO\\Code\\Backend-CSM-Inventory\\express\\routes\\auth\\authRouter","statementMap":{"0":{"start":{"line":1,"column":17},"end":{"line":1,"column":68}},"1":{"start":{"line":2,"column":13},"end":{"line":2,"column":50}},"2":{"start":{"line":3,"column":16},"end":{"line":3,"column":34}},"3":{"start":{"line":5,"column":23},"end":{"line":5,"column":39}},"4":{"start":{"line":8,"column":0},"end":{"line":8,"column":62}},"5":{"start":{"line":9,"column":0},"end":{"line":9,"column":72}},"6":{"start":{"line":11,"column":0},"end":{"line":11,"column":32}}},"fnMap":{},"branchMap":{},"s":{"0":2,"1":2,"2":2,"3":2,"4":2,"5":2,"6":2},"f":{},"b":{},"inputSourceMap":null,"_coverageSchema":"1a1c01bbd47fc00a2c39e90264f33305004495a9","hash":"aa8775d9091bc24c6ef189a580e516ede5b55026"}
,"D:\\sedang rajin\\Magang\\BIGIO\\Code\\Backend-CSM-Inventory\\express\\validation\\authValidation": {"path":"D:\\sedang rajin\\Magang\\BIGIO\\Code\\Backend-CSM-Inventory\\express\\validation\\authValidation","statementMap":{"0":{"start":{"line":1,"column":12},"end":{"line":1,"column":26}},"1":{"start":{"line":3,"column":20},"end":{"line":6,"column":2}},"2":{"start":{"line":9,"column":0},"end":{"line":9,"column":31}}},"fnMap":{},"branchMap":{},"s":{"0":2,"1":2,"2":2},"f":{},"b":{},"inputSourceMap":null,"_coverageSchema":"1a1c01bbd47fc00a2c39e90264f33305004495a9","hash":"21f4d661f822c5e4db0d718479476f5f642d7bec"}
,"D:\\sedang rajin\\Magang\\BIGIO\\Code\\Backend-CSM-Inventory\\express\\validation\\barangValidation": {"path":"D:\\sedang rajin\\Magang\\BIGIO\\Code\\Backend-CSM-Inventory\\express\\validation\\barangValidation","statementMap":{"0":{"start":{"line":1,"column":12},"end":{"line":1,"column":26}},"1":{"start":{"line":3,"column":24},"end":{"line":10,"column":2}},"2":{"start":{"line":12,"column":0},"end":{"line":12,"column":34}}},"fnMap":{},"branchMap":{},"s":{"0":2,"1":2,"2":2},"f":{},"b":{},"inputSourceMap":null,"_coverageSchema":"1a1c01bbd47fc00a2c39e90264f33305004495a9","hash":"82a9bf477ebfa67be27cd39efb949e8309b0f334"}
,"D:\\sedang rajin\\Magang\\BIGIO\\Code\\Backend-CSM-Inventory\\express\\validation\\register": {"path":"D:\\sedang rajin\\Magang\\BIGIO\\Code\\Backend-CSM-Inventory\\express\\validation\\register","statementMap":{"0":{"start":{"line":1,"column":12},"end":{"line":1,"column":26}},"1":{"start":{"line":3,"column":23},"end":{"line":9,"column":2}},"2":{"start":{"line":11,"column":0},"end":{"line":11,"column":33}}},"fnMap":{},"branchMap":{},"s":{"0":2,"1":2,"2":2},"f":{},"b":{},"inputSourceMap":null,"_coverageSchema":"1a1c01bbd47fc00a2c39e90264f33305004495a9","hash":"a687a56621c5059acd78d4d621795ee10820f4ec"}
,"D:\\sedang rajin\\Magang\\BIGIO\\Code\\Backend-CSM-Inventory\\models\\barang.js": {"path":"D:\\sedang rajin\\Magang\\BIGIO\\Code\\Backend-CSM-Inventory\\models\\barang.js","statementMap":{"0":{"start":{"line":4,"column":4},"end":{"line":4,"column":24}},"1":{"start":{"line":5,"column":24},"end":{"line":5,"column":54}},"2":{"start":{"line":6,"column":0},"end":{"line":44,"column":2}},"3":{"start":{"line":17,"column":2},"end":{"line":42,"column":5}},"4":{"start":{"line":22,"column":26},"end":{"line":22,"column":41}},"5":{"start":{"line":43,"column":2},"end":{"line":43,"column":16}}},"fnMap":{"0":{"name":"(anonymous_0)","decl":{"start":{"line":6,"column":17},"end":{"line":6,"column":18}},"loc":{"start":{"line":6,"column":43},"end":{"line":44,"column":1}},"line":6},"1":{"name":"(anonymous_1)","decl":{"start":{"line":13,"column":4},"end":{"line":13,"column":5}},"loc":{"start":{"line":13,"column":29},"end":{"line":15,"column":5}},"line":13},"2":{"name":"(anonymous_2)","decl":{"start":{"line":22,"column":20},"end":{"line":22,"column":21}},"loc":{"start":{"line":22,"column":26},"end":{"line":22,"column":41}},"line":22}},"branchMap":{},"s":{"0":2,"1":2,"2":2,"3":5,"4":1,"5":5},"f":{"0":5,"1":2,"2":1},"b":{},"_coverageSchema":"1a1c01bbd47fc00a2c39e90264f33305004495a9","hash":"cd57669ddd559fbf85c222616e9eb3b7e704784b"}
,"D:\\sedang rajin\\Magang\\BIGIO\\Code\\Backend-CSM-Inventory\\models\\index.js": {"path":"D:\\sedang rajin\\Magang\\BIGIO\\Code\\Backend-CSM-Inventory\\models\\index.js","statementMap":{"0":{"start":{"line":3,"column":11},"end":{"line":3,"column":24}},"1":{"start":{"line":4,"column":13},"end":{"line":4,"column":28}},"2":{"start":{"line":5,"column":18},"end":{"line":5,"column":38}},"3":{"start":{"line":6,"column":16},"end":{"line":6,"column":34}},"4":{"start":{"line":7,"column":17},"end":{"line":7,"column":42}},"5":{"start":{"line":8,"column":12},"end":{"line":8,"column":49}},"6":{"start":{"line":9,"column":15},"end":{"line":9,"column":65}},"7":{"start":{"line":10,"column":11},"end":{"line":10,"column":13}},"8":{"start":{"line":13,"column":0},"end":{"line":17,"column":1}},"9":{"start":{"line":14,"column":2},"end":{"line":14,"column":74}},"10":{"start":{"line":16,"column":2},"end":{"line":16,"column":87}},"11":{"start":{"line":19,"column":0},"end":{"line":32,"column":5}},"12":{"start":{"line":22,"column":4},"end":{"line":27,"column":6}},"13":{"start":{"line":30,"column":18},"end":{"line":30,"column":85}},"14":{"start":{"line":31,"column":4},"end":{"line":31,"column":27}},"15":{"start":{"line":34,"column":0},"end":{"line":38,"column":3}},"16":{"start":{"line":35,"column":2},"end":{"line":37,"column":3}},"17":{"start":{"line":36,"column":4},"end":{"line":36,"column":32}},"18":{"start":{"line":40,"column":0},"end":{"line":40,"column":25}},"19":{"start":{"line":41,"column":0},"end":{"line":41,"column":25}},"20":{"start":{"line":43,"column":0},"end":{"line":43,"column":20}}},"fnMap":{"0":{"name":"(anonymous_0)","decl":{"start":{"line":21,"column":10},"end":{"line":21,"column":11}},"loc":{"start":{"line":21,"column":18},"end":{"line":28,"column":3}},"line":21},"1":{"name":"(anonymous_1)","decl":{"start":{"line":29,"column":11},"end":{"line":29,"column":12}},"loc":{"start":{"line":29,"column":19},"end":{"line":32,"column":3}},"line":29},"2":{"name":"(anonymous_2)","decl":{"start":{"line":34,"column":24},"end":{"line":34,"column":25}},"loc":{"start":{"line":34,"column":37},"end":{"line":38,"column":1}},"line":34}},"branchMap":{"0":{"loc":{"start":{"line":8,"column":12},"end":{"line":8,"column":49}},"type":"binary-expr","locations":[{"start":{"line":8,"column":12},"end":{"line":8,"column":32}},{"start":{"line":8,"column":36},"end":{"line":8,"column":49}}],"line":8},"1":{"loc":{"start":{"line":13,"column":0},"end":{"line":17,"column":1}},"type":"if","locations":[{"start":{"line":13,"column":0},"end":{"line":17,"column":1}},{"start":{"line":15,"column":7},"end":{"line":17,"column":1}}],"line":13},"2":{"loc":{"start":{"line":23,"column":6},"end":{"line":26,"column":37}},"type":"binary-expr","locations":[{"start":{"line":23,"column":6},"end":{"line":23,"column":29}},{"start":{"line":24,"column":6},"end":{"line":24,"column":23}},{"start":{"line":25,"column":6},"end":{"line":25,"column":30}},{"start":{"line":26,"column":6},"end":{"line":26,"column":37}}],"line":23},"3":{"loc":{"start":{"line":35,"column":2},"end":{"line":37,"column":3}},"type":"if","locations":[{"start":{"line":35,"column":2},"end":{"line":37,"column":3}},{"start":{},"end":{}}],"line":35}},"s":{"0":2,"1":2,"2":2,"3":2,"4":2,"5":2,"6":2,"7":2,"8":2,"9":0,"10":2,"11":2,"12":8,"13":6,"14":6,"15":2,"16":6,"17":6,"18":2,"19":2,"20":2},"f":{"0":8,"1":6,"2":6},"b":{"0":[2,0],"1":[0,2],"2":[8,8,6,6],"3":[6,0]},"_coverageSchema":"1a1c01bbd47fc00a2c39e90264f33305004495a9","hash":"01ebfb0829637c9769035a32840ab2185c04965f"}
,"D:\\sedang rajin\\Magang\\BIGIO\\Code\\Backend-CSM-Inventory\\models\\transstok.js": {"path":"D:\\sedang rajin\\Magang\\BIGIO\\Code\\Backend-CSM-Inventory\\models\\transstok.js","statementMap":{"0":{"start":{"line":4,"column":4},"end":{"line":4,"column":24}},"1":{"start":{"line":5,"column":21},"end":{"line":5,"column":51}},"2":{"start":{"line":6,"column":0},"end":{"line":59,"column":2}},"3":{"start":{"line":15,"column":6},"end":{"line":17,"column":9}},"4":{"start":{"line":20,"column":2},"end":{"line":57,"column":7}},"5":{"start":{"line":25,"column":26},"end":{"line":25,"column":38}},"6":{"start":{"line":58,"column":2},"end":{"line":58,"column":19}}},"fnMap":{"0":{"name":"(anonymous_0)","decl":{"start":{"line":6,"column":17},"end":{"line":6,"column":18}},"loc":{"start":{"line":6,"column":43},"end":{"line":59,"column":1}},"line":6},"1":{"name":"(anonymous_1)","decl":{"start":{"line":13,"column":4},"end":{"line":13,"column":5}},"loc":{"start":{"line":13,"column":29},"end":{"line":18,"column":5}},"line":13},"2":{"name":"(anonymous_2)","decl":{"start":{"line":25,"column":20},"end":{"line":25,"column":21}},"loc":{"start":{"line":25,"column":26},"end":{"line":25,"column":38}},"line":25}},"branchMap":{},"s":{"0":2,"1":2,"2":2,"3":2,"4":2,"5":0,"6":2},"f":{"0":2,"1":2,"2":0},"b":{},"_coverageSchema":"1a1c01bbd47fc00a2c39e90264f33305004495a9","hash":"78e77ecf2d3c60988695b7d7b0e8485ad8ffb845"}
,"D:\\sedang rajin\\Magang\\BIGIO\\Code\\Backend-CSM-Inventory\\models\\user.js": {"path":"D:\\sedang rajin\\Magang\\BIGIO\\Code\\Backend-CSM-Inventory\\models\\user.js","statementMap":{"0":{"start":{"line":4,"column":4},"end":{"line":4,"column":24}},"1":{"start":{"line":5,"column":16},"end":{"line":5,"column":44}},"2":{"start":{"line":6,"column":0},"end":{"line":78,"column":2}},"3":{"start":{"line":18,"column":6},"end":{"line":18,"column":35}},"4":{"start":{"line":21,"column":2},"end":{"line":76,"column":5}},"5":{"start":{"line":77,"column":2},"end":{"line":77,"column":14}}},"fnMap":{"0":{"name":"(anonymous_0)","decl":{"start":{"line":6,"column":17},"end":{"line":6,"column":18}},"loc":{"start":{"line":6,"column":43},"end":{"line":78,"column":1}},"line":6},"1":{"name":"(anonymous_1)","decl":{"start":{"line":13,"column":4},"end":{"line":13,"column":5}},"loc":{"start":{"line":13,"column":29},"end":{"line":15,"column":5}},"line":13},"2":{"name":"(anonymous_2)","decl":{"start":{"line":17,"column":4},"end":{"line":17,"column":5}},"loc":{"start":{"line":17,"column":14},"end":{"line":19,"column":5}},"line":17}},"branchMap":{},"s":{"0":2,"1":2,"2":2,"3":0,"4":6,"5":6},"f":{"0":6,"1":2,"2":0},"b":{},"_coverageSchema":"1a1c01bbd47fc00a2c39e90264f33305004495a9","hash":"99d5e7d015fba1782932e4878f1c4ae95149dd14"}
,"D:\\sedang rajin\\Magang\\BIGIO\\Code\\Backend-CSM-Inventory\\testing\\test-utils.js": {"path":"D:\\sedang rajin\\Magang\\BIGIO\\Code\\Backend-CSM-Inventory\\testing\\test-utils.js","statementMap":{"0":{"start":{"line":1,"column":17},"end":{"line":1,"column":37}},"1":{"start":{"line":2,"column":13},"end":{"line":2,"column":37}},"2":{"start":{"line":4,"column":19},"end":{"line":21,"column":1}},"3":{"start":{"line":5,"column":19},"end":{"line":12,"column":3}},"4":{"start":{"line":14,"column":2},"end":{"line":20,"column":3}},"5":{"start":{"line":15,"column":4},"end":{"line":15,"column":32}},"6":{"start":{"line":16,"column":4},"end":{"line":16,"column":20}},"7":{"start":{"line":18,"column":4},"end":{"line":18,"column":25}},"8":{"start":{"line":19,"column":4},"end":{"line":19,"column":16}},"9":{"start":{"line":23,"column":19},"end":{"line":30,"column":1}},"10":{"start":{"line":24,"column":2},"end":{"line":29,"column":3}},"11":{"start":{"line":25,"column":4},"end":{"line":25,"column":65}},"12":{"start":{"line":27,"column":4},"end":{"line":27,"column":25}},"13":{"start":{"line":28,"column":4},"end":{"line":28,"column":16}},"14":{"start":{"line":32,"column":0},"end":{"line":35,"column":1}}},"fnMap":{"0":{"name":"(anonymous_0)","decl":{"start":{"line":4,"column":19},"end":{"line":4,"column":20}},"loc":{"start":{"line":4,"column":35},"end":{"line":21,"column":1}},"line":4},"1":{"name":"(anonymous_1)","decl":{"start":{"line":23,"column":19},"end":{"line":23,"column":20}},"loc":{"start":{"line":23,"column":31},"end":{"line":30,"column":1}},"line":23}},"branchMap":{},"s":{"0":1,"1":1,"2":1,"3":3,"4":3,"5":3,"6":3,"7":0,"8":0,"9":1,"10":9,"11":9,"12":0,"13":0,"14":1},"f":{"0":3,"1":9},"b":{},"_coverageSchema":"1a1c01bbd47fc00a2c39e90264f33305004495a9","hash":"f73e88a639946340dc1d4eb4d153de9a36832f2f"}
,"D:\\sedang rajin\\Magang\\BIGIO\\Code\\Backend-CSM-Inventory\\utils\\createNewToken": {"path":"D:\\sedang rajin\\Magang\\BIGIO\\Code\\Backend-CSM-Inventory\\utils\\createNewToken","statementMap":{"0":{"start":{"line":1,"column":12},"end":{"line":1,"column":35}},"1":{"start":{"line":2,"column":0},"end":{"line":2,"column":26}},"2":{"start":{"line":3,"column":0},"end":{"line":6,"column":1}},"3":{"start":{"line":4,"column":21},"end":{"line":4,"column":94}},"4":{"start":{"line":5,"column":4},"end":{"line":5,"column":19}}},"fnMap":{"0":{"name":"(anonymous_0)","decl":{"start":{"line":3,"column":17},"end":{"line":3,"column":18}},"loc":{"start":{"line":3,"column":43},"end":{"line":6,"column":1}},"line":3}},"branchMap":{},"s":{"0":2,"1":2,"2":2,"3":4,"4":4},"f":{"0":4},"b":{},"inputSourceMap":null,"_coverageSchema":"1a1c01bbd47fc00a2c39e90264f33305004495a9","hash":"65b7529feccaf07ffdca902e7ec647d0b062cf8b"}
,"D:\\sedang rajin\\Magang\\BIGIO\\Code\\Backend-CSM-Inventory\\utils\\generateId.js": {"path":"D:\\sedang rajin\\Magang\\BIGIO\\Code\\Backend-CSM-Inventory\\utils\\generateId.js","statementMap":{"0":{"start":{"line":2,"column":19},"end":{"line":14,"column":1}},"1":{"start":{"line":3,"column":23},"end":{"line":3,"column":77}},"2":{"start":{"line":4,"column":17},"end":{"line":4,"column":27}},"3":{"start":{"line":5,"column":22},"end":{"line":5,"column":40}},"4":{"start":{"line":6,"column":29},"end":{"line":6,"column":46}},"5":{"start":{"line":7,"column":14},"end":{"line":7,"column":42}},"6":{"start":{"line":8,"column":4},"end":{"line":10,"column":7}},"7":{"start":{"line":8,"column":18},"end":{"line":8,"column":19}},"8":{"start":{"line":9,"column":8},"end":{"line":9,"column":78}},"9":{"start":{"line":12,"column":4},"end":{"line":12,"column":41}},"10":{"start":{"line":13,"column":4},"end":{"line":13,"column":14}},"11":{"start":{"line":16,"column":22},"end":{"line":24,"column":3}},"12":{"start":{"line":17,"column":23},"end":{"line":17,"column":87}},"13":{"start":{"line":18,"column":13},"end":{"line":18,"column":18}},"14":{"start":{"line":19,"column":29},"end":{"line":19,"column":46}},"15":{"start":{"line":20,"column":4},"end":{"line":22,"column":5}},"16":{"start":{"line":20,"column":18},"end":{"line":20,"column":19}},"17":{"start":{"line":21,"column":6},"end":{"line":21,"column":76}},"18":{"start":{"line":23,"column":4},"end":{"line":23,"column":14}},"19":{"start":{"line":26,"column":0},"end":{"line":26,"column":47}}},"fnMap":{"0":{"name":"(anonymous_0)","decl":{"start":{"line":2,"column":19},"end":{"line":2,"column":20}},"loc":{"start":{"line":2,"column":25},"end":{"line":14,"column":1}},"line":2},"1":{"name":"(anonymous_1)","decl":{"start":{"line":16,"column":22},"end":{"line":16,"column":23}},"loc":{"start":{"line":16,"column":28},"end":{"line":24,"column":3}},"line":16}},"branchMap":{},"s":{"0":2,"1":3,"2":3,"3":3,"4":3,"5":3,"6":3,"7":3,"8":9,"9":3,"10":3,"11":2,"12":1,"13":1,"14":1,"15":1,"16":1,"17":4,"18":1,"19":2},"f":{"0":3,"1":1},"b":{},"_coverageSchema":"1a1c01bbd47fc00a2c39e90264f33305004495a9","hash":"5d7433c3b7155c3c4e8cdd8ad631f5827f717dec"}
,"D:\\sedang rajin\\Magang\\BIGIO\\Code\\Backend-CSM-Inventory\\utils\\hash": {"path":"D:\\sedang rajin\\Magang\\BIGIO\\Code\\Backend-CSM-Inventory\\utils\\hash","statementMap":{"0":{"start":{"line":2,"column":23},"end":{"line":2,"column":45}},"1":{"start":{"line":3,"column":0},"end":{"line":3,"column":26}},"2":{"start":{"line":4,"column":0},"end":{"line":4,"column":86}},"3":{"start":{"line":4,"column":29},"end":{"line":4,"column":85}}},"fnMap":{"0":{"name":"(anonymous_0)","decl":{"start":{"line":4,"column":18},"end":{"line":4,"column":19}},"loc":{"start":{"line":4,"column":29},"end":{"line":4,"column":85}},"line":4}},"branchMap":{},"s":{"0":2,"1":2,"2":2,"3":8},"f":{"0":8},"b":{},"inputSourceMap":null,"_coverageSchema":"1a1c01bbd47fc00a2c39e90264f33305004495a9","hash":"4c53e3d184d05a1e5ed8bc9ec2128be1b68dafae"}
}
